

Version:	3.50
CmdLine:	C:\Users\arash\OneDrive\Documents\2023 Interntship application\RPSLS\RPSLS.exe --l4j-debug
JNI:		No
WOW64:		Yes
Working dir:	C:\Users\arash\OneDrive\Documents\2023 Interntship application\RPSLS\.
Requires JDK:	No
Requires 64-Bit: No
Java min ver:	
Java max ver:	
Substitute:	JAVA_HOME = 
Substitute:	PATH = C:\Program Files (x86)\Common Files\Oracle\Java\javapath;C:\WINDOWS\system32;C:\WINDOWS;C:\WINDOWS\System32\Wbem;C:\WINDOWS\System32\WindowsPowerShell\v1.0\;C:\WINDOWS\System32\OpenSSH\;C:\Program Files\Git\cmd;C:\Users\arash\AppData\Local\Programs\Python\Python311\Scripts\;C:\Users\arash\AppData\Local\Programs\Python\Python311\;C:\Users\arash\AppData\Local\Microsoft\WindowsApps;;C:\Program Files\Java\jre1.8.0_351\bin
JRE paths:	;C:\Program Files (x86)\Common Files\Oracle\Java\javapath;C:\WINDOWS\system32;C:\WINDOWS;C:\WINDOWS\System32\Wbem;C:\WINDOWS\System32\WindowsPowerShell\v1.0\;C:\WINDOWS\System32\OpenSSH\;C:\Program Files\Git\cmd;C:\Users\arash\AppData\Local\Programs\Python\Python311\Scripts\;C:\Users\arash\AppData\Local\Programs\Python\Python311\;C:\Users\arash\AppData\Local\Microsoft\WindowsApps;;C:\Program Files\Java\jre1.8.0_351\bin
Check launcher:	C:\Program Files (x86)\Common Files\Oracle\Java\javapath\bin\javaw.exe (not found)
Check launcher:	C:\WINDOWS\system32\bin\javaw.exe (not found)
Check launcher:	C:\WINDOWS\bin\javaw.exe (not found)
Check launcher:	C:\WINDOWS\System32\Wbem\bin\javaw.exe (not found)
Check launcher:	C:\WINDOWS\System32\WindowsPowerShell\v1.0\bin\javaw.exe (not found)
Check launcher:	C:\WINDOWS\System32\OpenSSH\bin\javaw.exe (not found)
Check launcher:	C:\Program Files\Git\cmd\bin\javaw.exe (not found)
Check launcher:	C:\Users\arash\AppData\Local\Programs\Python\Python311\Scripts\bin\javaw.exe (not found)
Check launcher:	C:\Users\arash\AppData\Local\Programs\Python\Python311\bin\javaw.exe (not found)
Check launcher:	C:\Users\arash\AppData\Local\Microsoft\WindowsApps\bin\javaw.exe (not found)
Check launcher:	C:\Program Files\Java\jre1.8.0_351\bin\javaw.exe (OK)
Version string: 1.008.000_351 / 64-Bit (OK)
Launcher:	C:\Program Files\Java\jre1.8.0_351\bin\javaw.exe
Launcher args:	-jar "C:\Users\arash\OneDrive\Documents\2023 Interntship application\RPSLS\RPSLS.exe"
Args length:	85/32768 chars
Exit code:	1
